{"name": "test_All_Users_FirstName", "status": "failed", "statusDetails": {"message": "AssertionError: assert 200 == 206\n +  where 200 = <Response [200]>.status_code", "trace": "def test_All_Users_FirstName():\n        url = 'https://reqres.in/api/users?page=2'\n        res = requests.get(url)\n>       assert res.status_code == 206\nE       assert 200 == 206\nE        +  where 200 = <Response [200]>.status_code\n\nTestCases/test_getAllUsersFirstName.py:9: AssertionError"}, "start": 1577375655969, "stop": 1577375656110, "uuid": "1e5086e7-e74f-414d-8184-a8a8a612717a", "historyId": "a97008eee732879bf057a46970a64b3a", "testCaseId": "0dee2eb9c9d9a4f67473ab84ef38646a", "fullName": "TestCases.test_getAllUsersFirstName#test_All_Users_FirstName", "labels": [{"name": "parentSuite", "value": "TestCases"}, {"name": "suite", "value": "test_getAllUsersFirstName"}, {"name": "host", "value": "mds-MacBook-Pro.local"}, {"name": "thread", "value": "6474-MainThread"}, {"name": "framework", "value": "pytest"}, {"name": "language", "value": "cpython3"}, {"name": "package", "value": "TestCases.test_getAllUsersFirstName"}]}